nov. 26, 2016 5:36:18 PM pkg3d.engien.mads327b.github.Game <init>
INFO: Creating Log
nov. 26, 2016 5:36:18 PM pkg3d.engien.mads327b.github.Game <init>
INFO: Creating window
nov. 26, 2016 5:36:19 PM pkg3d.engien.mads327b.github.Game start
INFO: Starting Engien
nov. 26, 2016 5:36:19 PM pkg3d.engien.mads327b.github.Game run
INFO: Runing Engien
nov. 26, 2016 5:36:29 PM pkg3d.engien.mads327b.github.Game run
INFO: 	Average TPS in the last 10.0s.	is: 170(1612)
		Average FPS in the last 10.0s.	is: 60(595)
nov. 26, 2016 5:36:39 PM pkg3d.engien.mads327b.github.Game run
INFO: 	Average TPS in the last 10.0s.	is: 178(1773)
		Average FPS in the last 10.0s.	is: 60(600)
nov. 26, 2016 5:36:49 PM pkg3d.engien.mads327b.github.Game run
INFO: 	Average TPS in the last 10.0s.	is: 178(1766)
		Average FPS in the last 10.0s.	is: 60(600)
nov. 26, 2016 5:36:50 PM pkg3d.engien.mads327b.github.Game$1 windowClosing
INFO: *--------Stopping system--------*




nov. 26, 2016 5:42:10 PM pkg3d.engien.mads327b.github.Game <init>
INFO: open Log
nov. 26, 2016 5:42:10 PM pkg3d.engien.mads327b.github.Game <init>
INFO: Creating window
nov. 26, 2016 5:42:11 PM pkg3d.engien.mads327b.github.Game start
INFO: Starting Engien
nov. 26, 2016 5:42:11 PM pkg3d.engien.mads327b.github.Game run
INFO: Runing Engien
nov. 26, 2016 5:42:21 PM pkg3d.engien.mads327b.github.Game run
INFO: 	Average TPS in the last 10.0s.	is: 168(1602)
		Average FPS in the last 10.0s.	is: 60(598)
nov. 26, 2016 5:42:31 PM pkg3d.engien.mads327b.github.Game run
INFO: 	Average TPS in the last 10.0s.	is: 177(1754)
		Average FPS in the last 10.0s.	is: 60(600)
nov. 26, 2016 5:42:41 PM pkg3d.engien.mads327b.github.Game run
INFO: 	Average TPS in the last 10.0s.	is: 177(1762)
		Average FPS in the last 10.0s.	is: 60(600)
nov. 26, 2016 5:42:51 PM pkg3d.engien.mads327b.github.Game run
INFO: 	Average TPS in the last 10.0s.	is: 178(1774)
		Average FPS in the last 10.0s.	is: 60(600)
nov. 26, 2016 5:43:01 PM pkg3d.engien.mads327b.github.Game run
INFO: 	Average TPS in the last 10.0s.	is: 179(1789)
		Average FPS in the last 10.0s.	is: 60(600)
nov. 26, 2016 5:43:11 PM pkg3d.engien.mads327b.github.Game run
INFO: 	Average TPS in the last 10.0s.	is: 179(1793)
		Average FPS in the last 10.0s.	is: 60(600)
nov. 26, 2016 5:43:21 PM pkg3d.engien.mads327b.github.Game run
INFO: 	Average TPS in the last 10.0s.	is: 176(1738)
		Average FPS in the last 10.0s.	is: 60(599)
nov. 26, 2016 5:43:31 PM pkg3d.engien.mads327b.github.Game run
INFO: 	Average TPS in the last 10.0s.	is: 179(1786)
		Average FPS in the last 10.0s.	is: 60(600)
nov. 26, 2016 5:43:41 PM pkg3d.engien.mads327b.github.Game run
INFO: 	Average TPS in the last 10.0s.	is: 179(1789)
		Average FPS in the last 10.0s.	is: 60(600)
nov. 26, 2016 5:43:51 PM pkg3d.engien.mads327b.github.Game run
INFO: 	Average TPS in the last 10.0s.	is: 178(1775)
		Average FPS in the last 10.0s.	is: 60(600)
nov. 26, 2016 5:44:01 PM pkg3d.engien.mads327b.github.Game run
INFO: 	Average TPS in the last 10.0s.	is: 179(1782)
		Average FPS in the last 10.0s.	is: 60(600)
nov. 26, 2016 5:44:11 PM pkg3d.engien.mads327b.github.Game run
INFO: 	Average TPS in the last 10.0s.	is: 179(1793)
		Average FPS in the last 10.0s.	is: 60(600)
nov. 26, 2016 5:44:21 PM pkg3d.engien.mads327b.github.Game run
INFO: 	Average TPS in the last 10.0s.	is: 179(1781)
		Average FPS in the last 10.0s.	is: 60(600)
nov. 26, 2016 5:44:31 PM pkg3d.engien.mads327b.github.Game run
INFO: 	Average TPS in the last 10.0s.	is: 177(1752)
		Average FPS in the last 10.0s.	is: 60(600)
nov. 26, 2016 5:44:41 PM pkg3d.engien.mads327b.github.Game run
INFO: 	Average TPS in the last 10.0s.	is: 178(1761)
		Average FPS in the last 10.0s.	is: 60(600)
nov. 26, 2016 5:44:51 PM pkg3d.engien.mads327b.github.Game run
INFO: 	Average TPS in the last 10.0s.	is: 179(1788)
		Average FPS in the last 10.0s.	is: 60(600)
nov. 26, 2016 5:45:01 PM pkg3d.engien.mads327b.github.Game run
INFO: 	Average TPS in the last 10.0s.	is: 179(1781)
		Average FPS in the last 10.0s.	is: 60(600)
nov. 26, 2016 5:45:11 PM pkg3d.engien.mads327b.github.Game run
INFO: 	Average TPS in the last 10.0s.	is: 177(1748)
		Average FPS in the last 10.0s.	is: 60(598)
nov. 26, 2016 5:45:21 PM pkg3d.engien.mads327b.github.Game run
INFO: 	Average TPS in the last 10.0s.	is: 174(1710)
		Average FPS in the last 10.0s.	is: 60(600)
nov. 26, 2016 5:45:31 PM pkg3d.engien.mads327b.github.Game run
INFO: 	Average TPS in the last 10.0s.	is: 179(1785)
		Average FPS in the last 10.0s.	is: 60(600)
nov. 26, 2016 5:45:41 PM pkg3d.engien.mads327b.github.Game run
INFO: 	Average TPS in the last 10.0s.	is: 179(1786)
		Average FPS in the last 10.0s.	is: 60(600)
nov. 26, 2016 5:45:51 PM pkg3d.engien.mads327b.github.Game run
INFO: 	Average TPS in the last 10.0s.	is: 179(1784)
		Average FPS in the last 10.0s.	is: 60(600)
nov. 26, 2016 5:46:01 PM pkg3d.engien.mads327b.github.Game run
INFO: 	Average TPS in the last 10.0s.	is: 179(1791)
		Average FPS in the last 10.0s.	is: 60(600)
nov. 26, 2016 5:46:11 PM pkg3d.engien.mads327b.github.Game run
INFO: 	Average TPS in the last 10.0s.	is: 179(1790)
		Average FPS in the last 10.0s.	is: 60(600)
nov. 26, 2016 5:46:21 PM pkg3d.engien.mads327b.github.Game run
INFO: 	Average TPS in the last 10.0s.	is: 178(1776)
		Average FPS in the last 10.0s.	is: 60(600)
nov. 26, 2016 5:46:31 PM pkg3d.engien.mads327b.github.Game run
INFO: 	Average TPS in the last 10.0s.	is: 178(1775)
		Average FPS in the last 10.0s.	is: 60(600)
nov. 26, 2016 5:46:41 PM pkg3d.engien.mads327b.github.Game run
INFO: 	Average TPS in the last 10.0s.	is: 178(1778)
		Average FPS in the last 10.0s.	is: 60(600)
nov. 26, 2016 5:46:51 PM pkg3d.engien.mads327b.github.Game run
INFO: 	Average TPS in the last 10.0s.	is: 178(1768)
		Average FPS in the last 10.0s.	is: 60(600)
nov. 26, 2016 5:47:01 PM pkg3d.engien.mads327b.github.Game run
INFO: 	Average TPS in the last 10.0s.	is: 178(1763)
		Average FPS in the last 10.0s.	is: 60(600)
nov. 26, 2016 5:47:11 PM pkg3d.engien.mads327b.github.Game run
INFO: 	Average TPS in the last 10.0s.	is: 178(1775)
		Average FPS in the last 10.0s.	is: 60(600)
nov. 26, 2016 5:47:21 PM pkg3d.engien.mads327b.github.Game run
INFO: 	Average TPS in the last 10.0s.	is: 179(1786)
		Average FPS in the last 10.0s.	is: 60(600)
nov. 26, 2016 5:47:31 PM pkg3d.engien.mads327b.github.Game run
INFO: 	Average TPS in the last 10.0s.	is: 179(1791)
		Average FPS in the last 10.0s.	is: 60(600)
nov. 26, 2016 5:47:41 PM pkg3d.engien.mads327b.github.Game run
INFO: 	Average TPS in the last 10.0s.	is: 179(1784)
		Average FPS in the last 10.0s.	is: 60(600)
nov. 26, 2016 5:47:51 PM pkg3d.engien.mads327b.github.Game run
INFO: 	Average TPS in the last 10.0s.	is: 179(1788)
		Average FPS in the last 10.0s.	is: 60(600)
nov. 26, 2016 5:48:01 PM pkg3d.engien.mads327b.github.Game run
INFO: 	Average TPS in the last 10.0s.	is: 179(1786)
		Average FPS in the last 10.0s.	is: 60(600)
nov. 26, 2016 5:48:11 PM pkg3d.engien.mads327b.github.Game run
INFO: 	Average TPS in the last 10.0s.	is: 179(1785)
		Average FPS in the last 10.0s.	is: 60(600)
nov. 26, 2016 5:48:21 PM pkg3d.engien.mads327b.github.Game run
INFO: 	Average TPS in the last 10.0s.	is: 179(1779)
		Average FPS in the last 10.0s.	is: 60(600)
nov. 26, 2016 5:48:31 PM pkg3d.engien.mads327b.github.Game run
INFO: 	Average TPS in the last 10.0s.	is: 178(1776)
		Average FPS in the last 10.0s.	is: 60(600)
nov. 26, 2016 5:48:41 PM pkg3d.engien.mads327b.github.Game run
INFO: 	Average TPS in the last 10.0s.	is: 179(1789)
		Average FPS in the last 10.0s.	is: 60(600)
nov. 26, 2016 5:48:51 PM pkg3d.engien.mads327b.github.Game run
INFO: 	Average TPS in the last 10.0s.	is: 179(1785)
		Average FPS in the last 10.0s.	is: 60(600)
nov. 26, 2016 5:49:01 PM pkg3d.engien.mads327b.github.Game run
INFO: 	Average TPS in the last 10.0s.	is: 179(1785)
		Average FPS in the last 10.0s.	is: 60(600)
nov. 26, 2016 5:49:11 PM pkg3d.engien.mads327b.github.Game run
INFO: 	Average TPS in the last 10.0s.	is: 179(1792)
		Average FPS in the last 10.0s.	is: 60(600)
nov. 26, 2016 5:49:21 PM pkg3d.engien.mads327b.github.Game run
INFO: 	Average TPS in the last 10.0s.	is: 179(1784)
		Average FPS in the last 10.0s.	is: 60(600)
nov. 26, 2016 5:49:31 PM pkg3d.engien.mads327b.github.Game run
INFO: 	Average TPS in the last 10.0s.	is: 178(1777)
		Average FPS in the last 10.0s.	is: 60(600)
nov. 26, 2016 5:49:41 PM pkg3d.engien.mads327b.github.Game run
INFO: 	Average TPS in the last 10.0s.	is: 180(1795)
		Average FPS in the last 10.0s.	is: 60(600)
nov. 26, 2016 5:49:51 PM pkg3d.engien.mads327b.github.Game run
INFO: 	Average TPS in the last 10.0s.	is: 179(1790)
		Average FPS in the last 10.0s.	is: 60(600)
nov. 26, 2016 5:50:01 PM pkg3d.engien.mads327b.github.Game run
INFO: 	Average TPS in the last 10.0s.	is: 179(1793)
		Average FPS in the last 10.0s.	is: 60(600)
nov. 26, 2016 5:50:11 PM pkg3d.engien.mads327b.github.Game run
INFO: 	Average TPS in the last 10.0s.	is: 180(1795)
		Average FPS in the last 10.0s.	is: 60(600)
nov. 26, 2016 5:50:21 PM pkg3d.engien.mads327b.github.Game run
INFO: 	Average TPS in the last 10.0s.	is: 178(1775)
		Average FPS in the last 10.0s.	is: 60(600)
nov. 26, 2016 5:50:31 PM pkg3d.engien.mads327b.github.Game run
INFO: 	Average TPS in the last 10.0s.	is: 178(1771)
		Average FPS in the last 10.0s.	is: 60(600)
nov. 26, 2016 5:50:41 PM pkg3d.engien.mads327b.github.Game run
INFO: 	Average TPS in the last 10.0s.	is: 179(1790)
		Average FPS in the last 10.0s.	is: 60(600)
nov. 26, 2016 5:50:51 PM pkg3d.engien.mads327b.github.Game run
INFO: 	Average TPS in the last 10.0s.	is: 179(1785)
		Average FPS in the last 10.0s.	is: 60(600)
nov. 26, 2016 5:51:01 PM pkg3d.engien.mads327b.github.Game run
INFO: 	Average TPS in the last 10.0s.	is: 179(1790)
		Average FPS in the last 10.0s.	is: 60(600)
nov. 26, 2016 5:51:11 PM pkg3d.engien.mads327b.github.Game run
INFO: 	Average TPS in the last 10.0s.	is: 179(1792)
		Average FPS in the last 10.0s.	is: 60(600)
nov. 26, 2016 5:51:21 PM pkg3d.engien.mads327b.github.Game run
INFO: 	Average TPS in the last 10.0s.	is: 179(1786)
		Average FPS in the last 10.0s.	is: 60(600)
nov. 26, 2016 5:51:31 PM pkg3d.engien.mads327b.github.Game run
INFO: 	Average TPS in the last 10.0s.	is: 178(1766)
		Average FPS in the last 10.0s.	is: 60(600)
nov. 26, 2016 5:51:41 PM pkg3d.engien.mads327b.github.Game run
INFO: 	Average TPS in the last 10.0s.	is: 177(1759)
		Average FPS in the last 10.0s.	is: 60(600)
nov. 26, 2016 5:51:51 PM pkg3d.engien.mads327b.github.Game run
INFO: 	Average TPS in the last 10.0s.	is: 179(1782)
		Average FPS in the last 10.0s.	is: 60(600)
nov. 26, 2016 5:52:01 PM pkg3d.engien.mads327b.github.Game run
INFO: 	Average TPS in the last 10.0s.	is: 179(1785)
		Average FPS in the last 10.0s.	is: 60(600)
nov. 26, 2016 5:52:06 PM pkg3d.engien.mads327b.github.Game$1 windowClosing
INFO: *--------Stopping system--------*




